#
# There is insufficient memory for the Java Runtime Environment to continue.
# Native memory allocation (malloc) failed to allocate 1056016 bytes for Chunk::new
# Possible reasons:
#   The system is out of physical RAM or swap space
#   In 32 bit mode, the process size limit was hit
# Possible solutions:
#   Reduce memory load on the system
#   Increase physical memory or swap space
#   Check if swap backing store is full
#   Use 64 bit Java on a 64 bit OS
#   Decrease Java heap size (-Xmx/-Xms)
#   Decrease number of Java threads
#   Decrease Java thread stack sizes (-Xss)
#   Set larger code cache with -XX:ReservedCodeCacheSize=
# This output file may be truncated or incomplete.
#
#  Out of Memory Error (allocation.cpp:390), pid=6752, tid=0x000000000000173c
#
# JRE version: Java(TM) SE Runtime Environment (8.0_101-b13) (build 1.8.0_101-b13)
# Java VM: Java HotSpot(TM) 64-Bit Server VM (25.101-b13 mixed mode windows-amd64 compressed oops)
# Failed to write core dump. Minidumps are not enabled by default on client versions of Windows
#

---------------  T H R E A D  ---------------

Current thread (0x00000000551db800):  JavaThread "C2 CompilerThread1" daemon [_thread_in_native, id=5948, stack(0x0000000056bf0000,0x0000000056cf0000)]

Stack: [0x0000000056bf0000,0x0000000056cf0000]
[error occurred during error reporting (printing stack bounds), id 0xc0000005]

Native frames: (J=compiled Java code, j=interpreted, Vv=VM code, C=native code)


Current CompileTask:
C2:   7366 1895       4       com.android.dx.rop.code.Rops::ropFor (771 bytes)


---------------  P R O C E S S  ---------------

Java Threads: ( => current thread )
  0x0000000057022800 JavaThread "pool-2-thread-4" [_thread_blocked, id=2836, stack(0x0000000057b60000,0x0000000057c60000)]
  0x0000000057022000 JavaThread "pool-2-thread-3" [_thread_blocked, id=2220, stack(0x00000000578f0000,0x00000000579f0000)]
  0x0000000057014800 JavaThread "pool-2-thread-2" [_thread_blocked, id=4500, stack(0x00000000576f0000,0x00000000577f0000)]
  0x0000000056fb4800 JavaThread "pool-3-thread-1" [_thread_blocked, id=6272, stack(0x0000000057130000,0x0000000057230000)]
  0x0000000056faf800 JavaThread "pool-2-thread-1" [_thread_blocked, id=6288, stack(0x00000000575e0000,0x00000000576e0000)]
  0x00000000551df000 JavaThread "Service Thread" daemon [_thread_blocked, id=932, stack(0x0000000057270000,0x0000000057370000)]
  0x00000000551dc800 JavaThread "C1 CompilerThread2" daemon [_thread_blocked, id=4792, stack(0x0000000056250000,0x0000000056350000)]
=>0x00000000551db800 JavaThread "C2 CompilerThread1" daemon [_thread_in_native, id=5948, stack(0x0000000056bf0000,0x0000000056cf0000)]
  0x00000000551d7000 JavaThread "C2 CompilerThread0" daemon [_thread_in_native, id=4424, stack(0x0000000056a20000,0x0000000056b20000)]
  0x00000000551d2800 JavaThread "Attach Listener" daemon [_thread_blocked, id=1404, stack(0x0000000056870000,0x0000000056970000)]
  0x00000000551d1000 JavaThread "Signal Dispatcher" daemon [_thread_blocked, id=6988, stack(0x00000000566b0000,0x00000000567b0000)]
  0x00000000551b9800 JavaThread "Finalizer" daemon [_thread_blocked, id=7096, stack(0x0000000056540000,0x0000000056640000)]
  0x0000000055172000 JavaThread "Reference Handler" daemon [_thread_blocked, id=7164, stack(0x00000000563f0000,0x00000000564f0000)]
  0x00000000021fe000 JavaThread "main" [_thread_blocked, id=6584, stack(0x0000000002610000,0x0000000002710000)]

Other Threads:
  0x000000005516a800 VMThread [stack: 0x0000000056100000,0x0000000056200000] [id=3996]
  0x0000000056d6f000 WatcherThread [stack: 0x00000000573f0000,0x00000000574f0000] [id=5404]

VM state:synchronizing (normal execution)

VM Mutex/Monitor currently owned by a thread:  ([mutex/lock_event])
[0x00000000021fc5e0] Safepoint_lock - owner thread: 0x000000005516a800
[0x00000000021fc660] Threads_lock - owner thread: 0x000000005516a800

Heap:
 PSYoungGen      total 70656K, used 51274K [0x00000000eab00000, 0x00000000f3500000, 0x0000000100000000)
  eden space 65536K, 70% used [0x00000000eab00000,0x00000000ed813e78,0x00000000eeb00000)
  from space 5120K, 99% used [0x00000000eeb00000,0x00000000eeffeb48,0x00000000ef000000)
  to   space 5120K, 0% used [0x00000000f3000000,0x00000000f3000000,0x00000000f3500000)
 ParOldGen       total 86016K, used 14091K [0x00000000c0000000, 0x00000000c5400000, 0x00000000eab00000)
  object space 86016K, 16% used [0x00000000c0000000,0x00000000c0dc2db8,0x00000000c5400000)
 Metaspace       used 6332K, capacity 7128K, committed 7424K, reserved 1056768K
  class space    used 624K, capacity 656K, committed 768K, reserved 1048576K

Card table byte_map: [0x0000000011da0000,0x0000000011fb0000] byte_map_base: 0x00000000117a0000

Marking Bits: (ParMarkBitMap*) 0x000000006c38a6d0
 Begin Bits: [0x00000000125e0000, 0x00000000135e0000)
 End Bits:   [0x00000000135e0000, 0x00000000145e0000)

Polling page: 0x0000000000250000

CodeCache: size=245760Kb used=7582Kb max_used=7582Kb free=238177Kb
 bounds [0x00000000029e0000, 0x0000000003160000, 0x00000000119e0000]
 total_blobs=2114 nmethods=1844 adapters=182
 compilation: enabled

Compilation events (10 events):
Event: 6.820 Thread 0x00000000551db800 nmethod 1964 0x000000000312df90 code [0x000000000312e0c0, 0x000000000312e158]
Event: 6.820 Thread 0x00000000551db800 1938       4       com.android.dx.ssa.back.FirstFitLocalCombiningAllocator::getParameterIndexForReg (55 bytes)
Event: 6.826 Thread 0x00000000551db800 nmethod 1938 0x000000000312bdd0 code [0x000000000312bf40, 0x000000000312c228]
Event: 6.826 Thread 0x00000000551db800 1980       4       com.android.dx.ssa.SsaBasicBlock::<init> (109 bytes)
Event: 6.837 Thread 0x00000000551db800 nmethod 1980 0x000000000312edd0 code [0x000000000312ef60, 0x000000000312f5d8]
Event: 6.837 Thread 0x00000000551db800 1886       4       com.android.dx.ssa.back.LivenessAnalyzer::<init> (55 bytes)
Event: 6.843 Thread 0x00000000551db800 nmethod 1886 0x000000000312e650 code [0x000000000312e7c0, 0x000000000312eb78]
Event: 6.843 Thread 0x00000000551db800 1875       4       com.android.dx.rop.code.SourcePosition::<init> (50 bytes)
Event: 6.844 Thread 0x00000000551db800 nmethod 1875 0x0000000003121b90 code [0x0000000003121cc0, 0x0000000003121d78]
Event: 6.844 Thread 0x00000000551db800 1895       4       com.android.dx.rop.code.Rops::ropFor (771 bytes)

GC Heap History (6 events):
Event: 1.365 GC heap before
{Heap before GC invocations=1 (full 0):
 PSYoungGen      total 37888K, used 32768K [0x00000000eab00000, 0x00000000ed500000, 0x0000000100000000)
  eden space 32768K, 100% used [0x00000000eab00000,0x00000000ecb00000,0x00000000ecb00000)
  from space 5120K, 0% used [0x00000000ed000000,0x00000000ed000000,0x00000000ed500000)
  to   space 5120K, 0% used [0x00000000ecb00000,0x00000000ecb00000,0x00000000ed000000)
 ParOldGen       total 86016K, used 0K [0x00000000c0000000, 0x00000000c5400000, 0x00000000eab00000)
  object space 86016K, 0% used [0x00000000c0000000,0x00000000c0000000,0x00000000c5400000)
 Metaspace       used 5868K, capacity 6770K, committed 7040K, reserved 1056768K
  class space    used 600K, capacity 618K, committed 640K, reserved 1048576K
Event: 1.503 GC heap after
Heap after GC invocations=1 (full 0):
 PSYoungGen      total 37888K, used 5112K [0x00000000eab00000, 0x00000000ef500000, 0x0000000100000000)
  eden space 32768K, 0% used [0x00000000eab00000,0x00000000eab00000,0x00000000ecb00000)
  from space 5120K, 99% used [0x00000000ecb00000,0x00000000ecffe098,0x00000000ed000000)
  to   space 5120K, 0% used [0x00000000ef000000,0x00000000ef000000,0x00000000ef500000)
 ParOldGen       total 86016K, used 1065K [0x00000000c0000000, 0x00000000c5400000, 0x00000000eab00000)
  object space 86016K, 1% used [0x00000000c0000000,0x00000000c010a5c8,0x00000000c5400000)
 Metaspace       used 5868K, capacity 6770K, committed 7040K, reserved 1056768K
  class space    used 600K, capacity 618K, committed 640K, reserved 1048576K
}
Event: 1.919 GC heap before
{Heap before GC invocations=2 (full 0):
 PSYoungGen      total 37888K, used 37880K [0x00000000eab00000, 0x00000000ef500000, 0x0000000100000000)
  eden space 32768K, 100% used [0x00000000eab00000,0x00000000ecb00000,0x00000000ecb00000)
  from space 5120K, 99% used [0x00000000ecb00000,0x00000000ecffe098,0x00000000ed000000)
  to   space 5120K, 0% used [0x00000000ef000000,0x00000000ef000000,0x00000000ef500000)
 ParOldGen       total 86016K, used 1065K [0x00000000c0000000, 0x00000000c5400000, 0x00000000eab00000)
  object space 86016K, 1% used [0x00000000c0000000,0x00000000c010a5c8,0x00000000c5400000)
 Metaspace       used 6013K, capacity 6898K, committed 7040K, reserved 1056768K
  class space    used 602K, capacity 618K, committed 640K, reserved 1048576K
Event: 2.016 GC heap after
Heap after GC invocations=2 (full 0):
 PSYoungGen      total 70656K, used 5107K [0x00000000eab00000, 0x00000000ef500000, 0x0000000100000000)
  eden space 65536K, 0% used [0x00000000eab00000,0x00000000eab00000,0x00000000eeb00000)
  from space 5120K, 99% used [0x00000000ef000000,0x00000000ef4fcfa8,0x00000000ef500000)
  to   space 5120K, 0% used [0x00000000eeb00000,0x00000000eeb00000,0x00000000ef000000)
 ParOldGen       total 86016K, used 5623K [0x00000000c0000000, 0x00000000c5400000, 0x00000000eab00000)
  object space 86016K, 6% used [0x00000000c0000000,0x00000000c057df98,0x00000000c5400000)
 Metaspace       used 6013K, capacity 6898K, committed 7040K, reserved 1056768K
  class space    used 602K, capacity 618K, committed 640K, reserved 1048576K
}
Event: 2.651 GC heap before
{Heap before GC invocations=3 (full 0):
 PSYoungGen      total 70656K, used 70643K [0x00000000eab00000, 0x00000000ef500000, 0x0000000100000000)
  eden space 65536K, 100% used [0x00000000eab00000,0x00000000eeb00000,0x00000000eeb00000)
  from space 5120K, 99% used [0x00000000ef000000,0x00000000ef4fcfa8,0x00000000ef500000)
  to   space 5120K, 0% used [0x00000000eeb00000,0x00000000eeb00000,0x00000000ef000000)
 ParOldGen       total 86016K, used 5623K [0x00000000c0000000, 0x00000000c5400000, 0x00000000eab00000)
  object space 86016K, 6% used [0x00000000c0000000,0x00000000c057df98,0x00000000c5400000)
 Metaspace       used 6238K, capacity 7064K, committed 7424K, reserved 1056768K
  class space    used 624K, capacity 656K, committed 768K, reserved 1048576K
Event: 2.796 GC heap after
Heap after GC invocations=3 (full 0):
 PSYoungGen      total 70656K, used 5114K [0x00000000eab00000, 0x00000000f3500000, 0x0000000100000000)
  eden space 65536K, 0% used [0x00000000eab00000,0x00000000eab00000,0x00000000eeb00000)
  from space 5120K, 99% used [0x00000000eeb00000,0x00000000eeffeb48,0x00000000ef000000)
  to   space 5120K, 0% used [0x00000000f3000000,0x00000000f3000000,0x00000000f3500000)
 ParOldGen       total 86016K, used 14091K [0x00000000c0000000, 0x00000000c5400000, 0x00000000eab00000)
  object space 86016K, 16% used [0x00000000c0000000,0x00000000c0dc2db8,0x00000000c5400000)
 Metaspace       used 6238K, capacity 7064K, committed 7424K, reserved 1056768K
  class space    used 624K, capacity 656K, committed 768K, reserved 1048576K
}

Deoptimization events (10 events):
Event: 1.621 Thread 0x0000000057014800 Uncommon trap: reason=unstable_if action=reinterpret pc=0x0000000002cf85c4 method=com.android.dx.rop.cst.Constant.compareTo(Lcom/android/dx/rop/cst/Constant;)I @ 12
Event: 1.623 Thread 0x0000000057022000 Uncommon trap: reason=bimorphic action=maybe_recompile pc=0x0000000002d28fd0 method=java.util.HashMap.getNode(ILjava/lang/Object;)Ljava/util/HashMap$Node; @ 126
Event: 1.627 Thread 0x0000000057022000 Uncommon trap: reason=bimorphic action=maybe_recompile pc=0x0000000002d28fd0 method=java.util.HashMap.getNode(ILjava/lang/Object;)Ljava/util/HashMap$Node; @ 126
Event: 1.627 Thread 0x0000000057022000 Uncommon trap: reason=bimorphic action=maybe_recompile pc=0x0000000002d28fd0 method=java.util.HashMap.getNode(ILjava/lang/Object;)Ljava/util/HashMap$Node; @ 126
Event: 1.627 Thread 0x0000000057022000 Uncommon trap: reason=bimorphic action=maybe_recompile pc=0x0000000002d28fd0 method=java.util.HashMap.getNode(ILjava/lang/Object;)Ljava/util/HashMap$Node; @ 126
Event: 2.066 Thread 0x00000000021fe000 Uncommon trap: reason=unstable_if action=reinterpret pc=0x0000000002db65ec method=com.android.dx.util.IntList.binarysearch(I)I @ 105
Event: 2.128 Thread 0x0000000056faf800 Uncommon trap: reason=unstable_if action=reinterpret pc=0x0000000002d752a0 method=java.util.HashMap.putVal(ILjava/lang/Object;Ljava/lang/Object;ZZ)Ljava/lang/Object; @ 162
Event: 2.136 Thread 0x0000000056faf800 Uncommon trap: reason=unstable_if action=reinterpret pc=0x0000000002d71e14 method=java.util.HashMap.getNode(ILjava/lang/Object;)Ljava/util/HashMap$Node; @ 84
Event: 2.290 Thread 0x0000000057022800 Uncommon trap: reason=unstable_if action=reinterpret pc=0x0000000002e76bf4 method=java.util.HashMap.putVal(ILjava/lang/Object;Ljava/lang/Object;ZZ)Ljava/lang/Object; @ 94
Event: 6.429 Thread 0x0000000057014800 Uncommon trap: reason=unstable_if action=reinterpret pc=0x0000000002ec64a4 method=java.util.HashMap.getNode(ILjava/lang/Object;)Ljava/util/HashMap$Node; @ 84

Internal exceptions (6 events):
Event: 0.164 Thread 0x00000000021fe000 Exception <a 'java/lang/NoSuchMethodError': Method sun.misc.Unsafe.defineClass(Ljava/lang/String;[BII)Ljava/lang/Class; name or signature does not match> (0x00000000eab07cc0) thrown at [C:\re\workspace\8-2-build-windows-amd64-cygwin\jdk8u101\7261\hotspot\s.,ªÝß	Å?
Event: 0.164 Thread 0x00000000021fe000 Exception <a 'java/lang/NoSuchMethodError': Method sun.misc.Unsafe.prefetchRead(Ljava/lang/Object;J)V name or signature does not match> (0x00000000eab07fa8) thrown at [C:\re\workspace\8-2-build-windows-amd64-cygwin\jdk8u101\7261\hotspot\src\share\vm\prims\›Æñ6Âñ?
Event: 1.110 Thread 0x00000000021fe000 Implicit null exception at 0x0000000002cd6ac3 to 0x0000000002cd8231
Event: 2.131 Thread 0x0000000056faf800 Exception <a 'java/lang/ArrayIndexOutOfBoundsException': 18> (0x00000000eb5e7000) thrown at [C:\re\workspace\8-2-build-windows-amd64-cygwin\jdk8u101\7261\hotspot\src\share\vm\interpreter\interpreterRuntime.cpp, line 366]
Event: 2.131 Thread 0x0000000056faf800 Exception <a 'java/lang/ArrayIndexOutOfBoundsException': 145> (0x00000000eb5e8b80) thrown at [C:\re\workspace\8-2-build-windows-amd64-cygwin\jdk8u101\7261\hotspot\src\share\vm\interpreter\interpreterRuntime.cpp, line 366]
Event: 2.132 Thread 0x0000000056faf800 Exception <a 'java/lang/ArrayIndexOutOfBoundsException': 40> (0x00000000eb5e9e68) thrown at [C:\re\workspace\8-2-build-windows-amd64-cygwin\jdk8u101\7261\hotspot\src\share\vm\interpreter\interpreterRuntime.cpp, line 366]

Events (10 events):
Event: 6.429 Thread 0x0000000057014800 DEOPT PACKING pc=0x0000000002ec64a4 sp=0x00000000577ee390
Event: 6.429 Thread 0x0000000057014800 DEOPT UNPACKING pc=0x0000000002a2582a sp=0x00000000577ee1f8 mode 2
Event: 6.435 Thread 0x0000000056faf800 DEOPT PACKING pc=0x0000000002e75415 sp=0x00000000576deb30
Event: 6.435 Thread 0x0000000056faf800 DEOPT UNPACKING pc=0x0000000002a2747f sp=0x00000000576de8a0 mode 0
Event: 6.437 Thread 0x0000000056faf800 DEOPT PACKING pc=0x0000000002e850ab sp=0x00000000576debd0
Event: 6.437 Thread 0x0000000056faf800 DEOPT UNPACKING pc=0x0000000002a2747f sp=0x00000000576de980 mode 0
Event: 6.458 Thread 0x0000000057014800 DEOPT PACKING pc=0x0000000002e52bcf sp=0x00000000577ee6e0
Event: 6.458 Thread 0x0000000057014800 DEOPT UNPACKING pc=0x0000000002a2747f sp=0x00000000577ee408 mode 0
Event: 6.469 Thread 0x0000000057014800 DEOPT PACKING pc=0x0000000002e48af5 sp=0x00000000577ee3a0
Event: 6.469 Thread 0x0000000057014800 DEOPT UNPACKING pc=0x0000000002a2747f sp=0x00000000577ee168 mode 0


Dynamic libraries:
0x000000013fc80000 - 0x000000013fcb7000 	C:\Program Files\Java\jdk1.8.0_101\bin\java.exe
0x0000000076f90000 - 0x000000007713b000 	C:\Windows\SYSTEM32\ntdll.dll
0x0000000076d70000 - 0x0000000076e8f000 	C:\Windows\system32\kernel32.dll
0x000007fefcdc0000 - 0x000007fefce2a000 	C:\Windows\system32\KERNELBASE.dll
0x000007fefe880000 - 0x000007fefe95b000 	C:\Windows\system32\ADVAPI32.dll
0x000007fefe000000 - 0x000007fefe09f000 	C:\Windows\system32\msvcrt.dll
0x000007fefea00000 - 0x000007fefea1f000 	C:\Windows\SYSTEM32\sechost.dll
0x000007fefeba0000 - 0x000007fefeccd000 	C:\Windows\system32\RPCRT4.dll
0x0000000076e90000 - 0x0000000076f8a000 	C:\Windows\system32\USER32.dll
0x000007fefeb30000 - 0x000007fefeb97000 	C:\Windows\system32\GDI32.dll
0x000007fefe800000 - 0x000007fefe80e000 	C:\Windows\system32\LPK.dll
0x000007fefefa0000 - 0x000007feff06a000 	C:\Windows\system32\USP10.dll
0x000007fefb730000 - 0x000007fefb924000 	C:\Windows\WinSxS\amd64_microsoft.windows.common-controls_6595b64144ccf1df_6.0.7601.18837_none_fa3b1e3d17594757\COMCTL32.dll
0x000007feff0c0000 - 0x000007feff131000 	C:\Windows\system32\SHLWAPI.dll
0x000007feff070000 - 0x000007feff09e000 	C:\Windows\system32\IMM32.DLL
0x000007fefea20000 - 0x000007fefeb29000 	C:\Windows\system32\MSCTF.dll
0x000007fefcd00000 - 0x000007fefcd05000 	C:\Windows\system32\api-ms-win-downlevel-advapi32-l1-1-0.dll
0x000007fefcae0000 - 0x000007fefcb05000 	C:\Windows\system32\SspiCli.dll
0x0000000074010000 - 0x00000000740e2000 	C:\Program Files\Java\jdk1.8.0_101\jre\bin\msvcr100.dll
0x000000006bb70000 - 0x000000006c40a000 	C:\Program Files\Java\jdk1.8.0_101\jre\bin\server\jvm.dll
0x000007fef68f0000 - 0x000007fef68f9000 	C:\Windows\system32\WSOCK32.dll
0x000007fefe0a0000 - 0x000007fefe0ed000 	C:\Windows\system32\WS2_32.dll
0x000007fefe870000 - 0x000007fefe878000 	C:\Windows\system32\NSI.dll
0x000007fefacb0000 - 0x000007fefaceb000 	C:\Windows\system32\WINMM.dll
0x000007fefbdc0000 - 0x000007fefbdcc000 	C:\Windows\system32\VERSION.dll
0x0000000077160000 - 0x0000000077167000 	C:\Windows\system32\PSAPI.DLL
0x0000000074960000 - 0x000000007496f000 	C:\Program Files\Java\jdk1.8.0_101\jre\bin\verify.dll
0x0000000074930000 - 0x0000000074959000 	C:\Program Files\Java\jdk1.8.0_101\jre\bin\java.dll
0x0000000074910000 - 0x0000000074926000 	C:\Program Files\Java\jdk1.8.0_101\jre\bin\zip.dll
0x000007fefd090000 - 0x000007fefde1c000 	C:\Windows\system32\SHELL32.dll
0x000007fefe190000 - 0x000007fefe393000 	C:\Windows\system32\ole32.dll
0x000007fefccd0000 - 0x000007fefccdf000 	C:\Windows\system32\profapi.dll

VM Arguments:
jvm_args: -Djava.awt.headless=true -Xmx1024M -Dfile.encoding=windows-1252 -Duser.country=US -Duser.language=en -Duser.variant 
java_command: com.android.dx.command.Main --dex --force-jumbo --num-threads=4 --multi-dex --output C:\Users\Paul\AndroidStudioProjects\XYZReader\build\intermediates\transforms\dex\debug\folders\1000\10\com.android.support-recyclerview-v7-24.2.0_b5c524c6a768aa49686d0af79c50fa90c8bd2ce0 C:\Users\Paul\AndroidStudioProjects\XYZReader\build\intermediates\exploded-aar\com.android.support\recyclerview-v7\24.2.0\jars\classes.jar
java_class_path (initial): C:\Users\Paul\AppData\Local\Android\sdk\build-tools\24.0.1\lib\dx.jar
Launcher Type: SUN_STANDARD

Environment Variables:
CLASSPATH=%CLASSPATH%;JUnit\junit4.12.jar;JUnit\junit4.12.jar;JUnit\junit4.12.jar
PATH=C:\ProgramData\Oracle\Java\javapath;C:\Python27\;C:\Python27\Scripts;C:\Python34\;C:\Python34\Scripts;C:\Windows\system32;C:\Windows;C:\Windows\System32\Wbem;C:\Windows\System32\WindowsPowerShell\v1.0\;C:\Program Files\Intel\WiFi\bin\;C:\Program Files\Common Files\Intel\WirelessCommon\;C:\Program Files\Crucial\Crucial Storage Executive\;C:\Python30\;C:\Program Files\Git\cmd\;C:\Program Files\Crucial\Crucial Storage Executive;C:\Users\Paul\AppData\Local\Android\sdk\platform-tools\;C:\Users\Paul\gradle;C:\Program Files (x86)\Lenovo\Access Connections\;C:\sqlite\;C:\JUnit;C:\Program Files (x86)\Skype\Phone\;C:\Program Files\Intel\WiFi\bin\;C:\Program Files\Common Files\Intel\WirelessCommon\
USERNAME=Paul
OS=Windows_NT
PROCESSOR_IDENTIFIER=Intel64 Family 6 Model 37 Stepping 5, GenuineIntel



---------------  S Y S T E M  ---------------

OS: Windows 7 , 64 bit Build 7601 (6.1.7601.23455)

CPU:total 4 (2 cores per cpu, 2 threads per core) family 6 model 37 stepping 5, cmov, cx8, fxsr, mmx, sse, sse2, sse3, ssse3, sse4.1, sse4.2, popcnt, aes, clmul, ht, tsc, tscinvbit

Memory: 4k page, physical 8179368k(1088876k free), swap 8177508k(5588k free)

vm_info: Java HotSpot(TM) 64-Bit Server VM (25.101-b13) for windows-amd64 JRE (1.8.0_101-b13), built on Jun 22 2016 01:21:29 by "java_re" with MS VC++ 10.0 (VS2010)

time: Mon Aug 22 17:19:34 2016
elapsed time: 7 seconds (0d 0h 0m 7s)

